[24-01-2025 01:54:35]: GET   - 127.0.0.10:8081 - Func: handle_request at src/server/mod.rs:251 - Error: RegexError(Syntax(
~~~~~~~~~~~~~~~~~~~~~~~~~~~~~~~~~~~~~~~~~~~~~~~~~~~~~~~~~~~~~~~~~~~~~~~~~~~~~~~
regex parse error:
    *.rb
    ^
error: repetition operator missing expression
~~~~~~~~~~~~~~~~~~~~~~~~~~~~~~~~~~~~~~~~~~~~~~~~~~~~~~~~~~~~~~~~~~~~~~~~~~~~~~~
))

[24-01-2025 01:54:35]: GET   - 127.0.0.10:8081 - Func: handle_request at src/server/mod.rs:251 - Error: RegexError(Syntax(
~~~~~~~~~~~~~~~~~~~~~~~~~~~~~~~~~~~~~~~~~~~~~~~~~~~~~~~~~~~~~~~~~~~~~~~~~~~~~~~
regex parse error:
    *.rb
    ^
error: repetition operator missing expression
~~~~~~~~~~~~~~~~~~~~~~~~~~~~~~~~~~~~~~~~~~~~~~~~~~~~~~~~~~~~~~~~~~~~~~~~~~~~~~~
))

[24-01-2025 01:54:35]: GET   - 127.0.0.10:8081 - Func: handle_request at src/server/mod.rs:251 - Error: RegexError(Syntax(
~~~~~~~~~~~~~~~~~~~~~~~~~~~~~~~~~~~~~~~~~~~~~~~~~~~~~~~~~~~~~~~~~~~~~~~~~~~~~~~
regex parse error:
    *.rb
    ^
error: repetition operator missing expression
~~~~~~~~~~~~~~~~~~~~~~~~~~~~~~~~~~~~~~~~~~~~~~~~~~~~~~~~~~~~~~~~~~~~~~~~~~~~~~~
))

[24-01-2025 01:54:35]: GET   - 127.0.0.10:8081 - Func: handle_request at src/server/mod.rs:251 - Error: RegexError(Syntax(
~~~~~~~~~~~~~~~~~~~~~~~~~~~~~~~~~~~~~~~~~~~~~~~~~~~~~~~~~~~~~~~~~~~~~~~~~~~~~~~
regex parse error:
    *.rb
    ^
error: repetition operator missing expression
~~~~~~~~~~~~~~~~~~~~~~~~~~~~~~~~~~~~~~~~~~~~~~~~~~~~~~~~~~~~~~~~~~~~~~~~~~~~~~~
))

[24-01-2025 01:54:35]: GET   - 127.0.0.10:8081 - Func: handle_request at src/server/mod.rs:251 - Error: RegexError(Syntax(
~~~~~~~~~~~~~~~~~~~~~~~~~~~~~~~~~~~~~~~~~~~~~~~~~~~~~~~~~~~~~~~~~~~~~~~~~~~~~~~
regex parse error:
    *.rb
    ^
error: repetition operator missing expression
~~~~~~~~~~~~~~~~~~~~~~~~~~~~~~~~~~~~~~~~~~~~~~~~~~~~~~~~~~~~~~~~~~~~~~~~~~~~~~~
))

[24-01-2025 01:54:41]: GET   - 127.0.0.10:8081 - Func: handle_request at src/server/mod.rs:251 - Error: RegexError(Syntax(
~~~~~~~~~~~~~~~~~~~~~~~~~~~~~~~~~~~~~~~~~~~~~~~~~~~~~~~~~~~~~~~~~~~~~~~~~~~~~~~
regex parse error:
    *.rb
    ^
error: repetition operator missing expression
~~~~~~~~~~~~~~~~~~~~~~~~~~~~~~~~~~~~~~~~~~~~~~~~~~~~~~~~~~~~~~~~~~~~~~~~~~~~~~~
))

[24-01-2025 01:54:41]: GET   - 127.0.0.10:8081 - Func: handle_request at src/server/mod.rs:251 - Error: RegexError(Syntax(
~~~~~~~~~~~~~~~~~~~~~~~~~~~~~~~~~~~~~~~~~~~~~~~~~~~~~~~~~~~~~~~~~~~~~~~~~~~~~~~
regex parse error:
    *.rb
    ^
error: repetition operator missing expression
~~~~~~~~~~~~~~~~~~~~~~~~~~~~~~~~~~~~~~~~~~~~~~~~~~~~~~~~~~~~~~~~~~~~~~~~~~~~~~~
))

[24-01-2025 01:54:41]: GET   - 127.0.0.10:8081 - Func: handle_request at src/server/mod.rs:251 - Error: RegexError(Syntax(
~~~~~~~~~~~~~~~~~~~~~~~~~~~~~~~~~~~~~~~~~~~~~~~~~~~~~~~~~~~~~~~~~~~~~~~~~~~~~~~
regex parse error:
    *.rb
    ^
error: repetition operator missing expression
~~~~~~~~~~~~~~~~~~~~~~~~~~~~~~~~~~~~~~~~~~~~~~~~~~~~~~~~~~~~~~~~~~~~~~~~~~~~~~~
))

[24-01-2025 01:54:41]: GET   - 127.0.0.10:8081 - Func: handle_request at src/server/mod.rs:251 - Error: RegexError(Syntax(
~~~~~~~~~~~~~~~~~~~~~~~~~~~~~~~~~~~~~~~~~~~~~~~~~~~~~~~~~~~~~~~~~~~~~~~~~~~~~~~
regex parse error:
    *.rb
    ^
error: repetition operator missing expression
~~~~~~~~~~~~~~~~~~~~~~~~~~~~~~~~~~~~~~~~~~~~~~~~~~~~~~~~~~~~~~~~~~~~~~~~~~~~~~~
))

[24-01-2025 01:54:41]: GET   - 127.0.0.10:8081 - Func: handle_request at src/server/mod.rs:251 - Error: RegexError(Syntax(
~~~~~~~~~~~~~~~~~~~~~~~~~~~~~~~~~~~~~~~~~~~~~~~~~~~~~~~~~~~~~~~~~~~~~~~~~~~~~~~
regex parse error:
    *.rb
    ^
error: repetition operator missing expression
~~~~~~~~~~~~~~~~~~~~~~~~~~~~~~~~~~~~~~~~~~~~~~~~~~~~~~~~~~~~~~~~~~~~~~~~~~~~~~~
))

[24-01-2025 01:55:17]: GET   - 127.0.0.10:8081 - Func: handle_request at src/server/mod.rs:251 - Error: RegexError(Syntax(
~~~~~~~~~~~~~~~~~~~~~~~~~~~~~~~~~~~~~~~~~~~~~~~~~~~~~~~~~~~~~~~~~~~~~~~~~~~~~~~
regex parse error:
    *.rb
    ^
error: repetition operator missing expression
~~~~~~~~~~~~~~~~~~~~~~~~~~~~~~~~~~~~~~~~~~~~~~~~~~~~~~~~~~~~~~~~~~~~~~~~~~~~~~~
))

[24-01-2025 01:55:17]: GET   - 127.0.0.10:8081 - Func: handle_request at src/server/mod.rs:251 - Error: RegexError(Syntax(
~~~~~~~~~~~~~~~~~~~~~~~~~~~~~~~~~~~~~~~~~~~~~~~~~~~~~~~~~~~~~~~~~~~~~~~~~~~~~~~
regex parse error:
    *.rb
    ^
error: repetition operator missing expression
~~~~~~~~~~~~~~~~~~~~~~~~~~~~~~~~~~~~~~~~~~~~~~~~~~~~~~~~~~~~~~~~~~~~~~~~~~~~~~~
))

[24-01-2025 01:55:17]: GET   - 127.0.0.10:8081 - Func: handle_request at src/server/mod.rs:251 - Error: RegexError(Syntax(
~~~~~~~~~~~~~~~~~~~~~~~~~~~~~~~~~~~~~~~~~~~~~~~~~~~~~~~~~~~~~~~~~~~~~~~~~~~~~~~
regex parse error:
    *.rb
    ^
error: repetition operator missing expression
~~~~~~~~~~~~~~~~~~~~~~~~~~~~~~~~~~~~~~~~~~~~~~~~~~~~~~~~~~~~~~~~~~~~~~~~~~~~~~~
))

[24-01-2025 01:55:17]: GET   - 127.0.0.10:8081 - Func: handle_request at src/server/mod.rs:251 - Error: RegexError(Syntax(
~~~~~~~~~~~~~~~~~~~~~~~~~~~~~~~~~~~~~~~~~~~~~~~~~~~~~~~~~~~~~~~~~~~~~~~~~~~~~~~
regex parse error:
    *.rb
    ^
error: repetition operator missing expression
~~~~~~~~~~~~~~~~~~~~~~~~~~~~~~~~~~~~~~~~~~~~~~~~~~~~~~~~~~~~~~~~~~~~~~~~~~~~~~~
))

[24-01-2025 01:55:17]: GET   - 127.0.0.10:8081 - Func: handle_request at src/server/mod.rs:251 - Error: RegexError(Syntax(
~~~~~~~~~~~~~~~~~~~~~~~~~~~~~~~~~~~~~~~~~~~~~~~~~~~~~~~~~~~~~~~~~~~~~~~~~~~~~~~
regex parse error:
    *.rb
    ^
error: repetition operator missing expression
~~~~~~~~~~~~~~~~~~~~~~~~~~~~~~~~~~~~~~~~~~~~~~~~~~~~~~~~~~~~~~~~~~~~~~~~~~~~~~~
))

